INFO  2018-10-17 11:24:21,157 [loginfo] Data Source = .;Initial Catalog = Quartz;User Id = sa;Password = cl19960426;
INFO  2018-10-17 11:24:21,166 [loginfo] 任务调度初始化成功
INFO  2018-10-17 11:24:21,269 [loginfo] 任务调度开始
INFO  2018-10-17 11:24:21,296 [loginfo] Hello
INFO  2018-10-17 11:24:21,296 [loginfo] Hello1
INFO  2018-10-17 11:24:21,296 [loginfo] Hello2
INFO  2018-10-17 11:24:21,475 [loginfo] Info From HelloJob
INFO  2018-10-17 11:24:21,475 [loginfo] Info From HelloJob
INFO  2018-10-17 11:24:21,508 [loginfo] Info From HelloJob
INFO  2018-10-17 11:24:21,520 [loginfo] Info From HelloJob
INFO  2018-10-17 11:24:21,527 [loginfo] Info From HelloJob
INFO  2018-10-17 11:24:21,534 [loginfo] Info From HelloJob
INFO  2018-10-17 11:24:21,540 [loginfo] Info From HelloJob
INFO  2018-10-17 11:24:21,553 [loginfo] Info From HelloJob
INFO  2018-10-17 11:24:21,560 [loginfo] Info From HelloJob
INFO  2018-10-17 11:24:21,567 [loginfo] Info From HelloJob
INFO  2018-10-17 11:24:21,574 [loginfo] Info From HelloJob
INFO  2018-10-17 11:24:21,580 [loginfo] Info From HelloJob
INFO  2018-10-17 11:24:21,588 [loginfo] Info From HelloJob
INFO  2018-10-17 11:24:21,595 [loginfo] Info From HelloJob
INFO  2018-10-17 11:24:21,602 [loginfo] Info From HelloJob
INFO  2018-10-17 11:24:21,609 [loginfo] Info From HelloJob
INFO  2018-10-17 11:24:21,616 [loginfo] Info From HelloJob
INFO  2018-10-17 11:24:21,623 [loginfo] Info From HelloJob
INFO  2018-10-17 11:24:21,629 [loginfo] Info From HelloJob
INFO  2018-10-17 11:24:21,636 [loginfo] Info From HelloJob
INFO  2018-10-17 11:24:21,645 [loginfo] Info From HelloJob
INFO  2018-10-17 11:24:21,659 [loginfo] Info From HelloJob
INFO  2018-10-17 11:24:21,668 [loginfo] Info From HelloJob
INFO  2018-10-17 11:24:21,678 [loginfo] Info From HelloJob
INFO  2018-10-17 11:24:21,689 [loginfo] Info From HelloJob
INFO  2018-10-17 11:24:21,718 [loginfo] Info From HelloJob
INFO  2018-10-17 11:24:21,725 [loginfo] Info From HelloJob
INFO  2018-10-17 11:24:21,732 [loginfo] Info From HelloJob
INFO  2018-10-17 11:24:21,739 [loginfo] Info From HelloJob
INFO  2018-10-17 11:24:21,751 [loginfo] Info From HelloJob
INFO  2018-10-17 11:24:21,759 [loginfo] Info From HelloJob
INFO  2018-10-17 11:24:21,771 [loginfo] Info From HelloJob
INFO  2018-10-17 11:24:21,781 [loginfo] Info From HelloJob
INFO  2018-10-17 11:24:21,792 [loginfo] Info From HelloJob
INFO  2018-10-17 11:24:21,801 [loginfo] Info From HelloJob
INFO  2018-10-17 11:24:21,810 [loginfo] Info From HelloJob
INFO  2018-10-17 11:24:21,818 [loginfo] Info From HelloJob
INFO  2018-10-17 11:24:21,827 [loginfo] Info From HelloJob
INFO  2018-10-17 11:24:21,838 [loginfo] Info From HelloJob
INFO  2018-10-17 11:24:21,847 [loginfo] Info From HelloJob
INFO  2018-10-17 11:24:21,860 [loginfo] Info From HelloJob
INFO  2018-10-17 11:24:21,875 [loginfo] Info From HelloJob
INFO  2018-10-17 11:24:21,887 [loginfo] Info From HelloJob
INFO  2018-10-17 11:24:21,899 [loginfo] Info From HelloJob
INFO  2018-10-17 11:24:21,914 [loginfo] Info From HelloJob
INFO  2018-10-17 11:24:21,923 [loginfo] Info From HelloJob
INFO  2018-10-17 11:24:22,006 [loginfo] Info From HelloJob
INFO  2018-10-17 11:24:22,016 [loginfo] Info From HelloJob
INFO  2018-10-17 11:24:22,026 [loginfo] Info From HelloJob
INFO  2018-10-17 11:24:23,015 [loginfo] Info From HelloJob
INFO  2018-10-17 11:24:23,034 [loginfo] Info From HelloJob
INFO  2018-10-17 11:24:23,044 [loginfo] Info From HelloJob
INFO  2018-10-17 11:24:23,060 [loginfo] Info From HelloJob
INFO  2018-10-17 11:24:24,016 [loginfo] Info From HelloJob
INFO  2018-10-17 11:24:24,059 [loginfo] Info From HelloJob
INFO  2018-10-17 11:24:24,069 [loginfo] Info From HelloJob
INFO  2018-10-17 11:24:25,046 [loginfo] Info From HelloJob
INFO  2018-10-17 11:24:25,073 [loginfo] Info From HelloJob
INFO  2018-10-17 11:24:25,081 [loginfo] Info From HelloJob
INFO  2018-10-17 11:24:25,090 [loginfo] Info From HelloJob
INFO  2018-10-17 11:24:26,015 [loginfo] Info From HelloJob
INFO  2018-10-17 11:24:26,036 [loginfo] Info From HelloJob
INFO  2018-10-17 11:24:26,044 [loginfo] Info From HelloJob
INFO  2018-10-17 11:24:26,052 [loginfo] Info From HelloJob
INFO  2018-10-17 11:24:27,064 [loginfo] Info From HelloJob
INFO  2018-10-17 11:24:27,151 [loginfo] Info From HelloJob
INFO  2018-10-17 11:24:27,163 [loginfo] Info From HelloJob
INFO  2018-10-17 11:24:27,275 [loginfo] Info From HelloJob
INFO  2018-10-17 11:24:28,014 [loginfo] Info From HelloJob
INFO  2018-10-17 11:24:28,056 [loginfo] Info From HelloJob
INFO  2018-10-17 11:24:28,083 [loginfo] Info From HelloJob
INFO  2018-10-17 11:24:28,095 [loginfo] Info From HelloJob
INFO  2018-10-17 11:24:29,015 [loginfo] Info From HelloJob
INFO  2018-10-17 11:24:29,140 [loginfo] Info From HelloJob
INFO  2018-10-17 11:24:29,166 [loginfo] Info From HelloJob
INFO  2018-10-17 11:24:29,184 [loginfo] Info From HelloJob
INFO  2018-10-17 11:24:30,040 [loginfo] Info From HelloJob
INFO  2018-10-17 11:24:30,055 [loginfo] Info From HelloJob
INFO  2018-10-17 11:24:30,070 [loginfo] Info From HelloJob
INFO  2018-10-17 11:24:30,082 [loginfo] Info From HelloJob
INFO  2018-10-17 11:24:31,011 [loginfo] Info From HelloJob
INFO  2018-10-17 11:24:31,036 [loginfo] Info From HelloJob
INFO  2018-10-17 11:24:31,048 [loginfo] Info From HelloJob
INFO  2018-10-17 11:24:31,059 [loginfo] Info From HelloJob
INFO  2018-10-17 11:24:32,024 [loginfo] Info From HelloJob
INFO  2018-10-17 11:24:32,050 [loginfo] Info From HelloJob
INFO  2018-10-17 11:24:32,069 [loginfo] Info From HelloJob
INFO  2018-10-17 11:24:32,088 [loginfo] Info From HelloJob
INFO  2018-10-17 11:24:33,038 [loginfo] Info From HelloJob
INFO  2018-10-17 11:24:33,059 [loginfo] Info From HelloJob
INFO  2018-10-17 11:24:33,080 [loginfo] Info From HelloJob
INFO  2018-10-17 11:24:33,091 [loginfo] Info From HelloJob
INFO  2018-10-17 11:24:34,008 [loginfo] Info From HelloJob
INFO  2018-10-17 11:24:34,052 [loginfo] Info From HelloJob
INFO  2018-10-17 11:24:34,076 [loginfo] Info From HelloJob
INFO  2018-10-17 11:24:34,092 [loginfo] Info From HelloJob
INFO  2018-10-17 11:24:35,006 [loginfo] Info From HelloJob
INFO  2018-10-17 11:24:35,017 [loginfo] Info From HelloJob
INFO  2018-10-17 11:24:35,028 [loginfo] Info From HelloJob
INFO  2018-10-17 11:24:35,049 [loginfo] Info From HelloJob
INFO  2018-10-17 11:24:36,014 [loginfo] Info From HelloJob
INFO  2018-10-17 11:24:36,048 [loginfo] Info From HelloJob
INFO  2018-10-17 11:24:36,071 [loginfo] Info From HelloJob
INFO  2018-10-17 11:24:36,095 [loginfo] Info From HelloJob
INFO  2018-10-17 11:24:37,010 [loginfo] Info From HelloJob
INFO  2018-10-17 11:24:37,028 [loginfo] Info From HelloJob
INFO  2018-10-17 11:24:37,038 [loginfo] Info From HelloJob
INFO  2018-10-17 11:24:37,061 [loginfo] Info From HelloJob
INFO  2018-10-17 11:24:38,012 [loginfo] Info From HelloJob
INFO  2018-10-17 11:24:38,027 [loginfo] Info From HelloJob
INFO  2018-10-17 11:24:38,064 [loginfo] Info From HelloJob
INFO  2018-10-17 11:24:38,097 [loginfo] Info From HelloJob
INFO  2018-10-17 11:24:39,122 [loginfo] Info From HelloJob
INFO  2018-10-17 11:24:39,154 [loginfo] Info From HelloJob
INFO  2018-10-17 11:24:39,171 [loginfo] Info From HelloJob
INFO  2018-10-17 11:24:39,188 [loginfo] Info From HelloJob
INFO  2018-10-17 11:24:40,064 [loginfo] Info From HelloJob
INFO  2018-10-17 11:24:40,084 [loginfo] Info From HelloJob
INFO  2018-10-17 11:24:40,108 [loginfo] Info From HelloJob
INFO  2018-10-17 11:24:40,126 [loginfo] Info From HelloJob
INFO  2018-10-17 11:24:41,037 [loginfo] Info From HelloJob
INFO  2018-10-17 11:24:41,063 [loginfo] Info From HelloJob
INFO  2018-10-17 11:24:41,074 [loginfo] Info From HelloJob
INFO  2018-10-17 11:24:41,083 [loginfo] Info From HelloJob
INFO  2018-10-17 11:24:42,014 [loginfo] Info From HelloJob
INFO  2018-10-17 11:24:42,029 [loginfo] Info From HelloJob
INFO  2018-10-17 11:24:42,041 [loginfo] Info From HelloJob
INFO  2018-10-17 11:24:42,059 [loginfo] Info From HelloJob
INFO  2018-10-17 11:24:43,018 [loginfo] Info From HelloJob
INFO  2018-10-17 11:24:43,059 [loginfo] Info From HelloJob
INFO  2018-10-17 11:24:43,079 [loginfo] Info From HelloJob
INFO  2018-10-17 11:24:43,098 [loginfo] Info From HelloJob
INFO  2018-10-17 11:24:44,005 [loginfo] Info From HelloJob
INFO  2018-10-17 11:24:44,032 [loginfo] Info From HelloJob
INFO  2018-10-17 11:24:44,064 [loginfo] Info From HelloJob
INFO  2018-10-17 11:24:44,105 [loginfo] Info From HelloJob
INFO  2018-10-17 11:24:45,012 [loginfo] Info From HelloJob
INFO  2018-10-17 11:24:45,188 [loginfo] Info From HelloJob
INFO  2018-10-17 11:24:45,202 [loginfo] Info From HelloJob
INFO  2018-10-17 11:24:45,234 [loginfo] Info From HelloJob
INFO  2018-10-17 11:24:46,015 [loginfo] Info From HelloJob
INFO  2018-10-17 11:24:46,086 [loginfo] Info From HelloJob
INFO  2018-10-17 11:24:46,125 [loginfo] Info From HelloJob
INFO  2018-10-17 11:24:46,149 [loginfo] Info From HelloJob
INFO  2018-10-17 11:24:47,009 [loginfo] Info From HelloJob
INFO  2018-10-17 11:24:47,027 [loginfo] Info From HelloJob
INFO  2018-10-17 11:24:47,037 [loginfo] Info From HelloJob
INFO  2018-10-17 11:24:47,053 [loginfo] Info From HelloJob
INFO  2018-10-17 11:24:48,006 [loginfo] Info From HelloJob
INFO  2018-10-17 11:24:48,045 [loginfo] Info From HelloJob
INFO  2018-10-17 11:24:48,066 [loginfo] Info From HelloJob
INFO  2018-10-17 11:24:48,085 [loginfo] Info From HelloJob
INFO  2018-10-17 11:24:49,015 [loginfo] Info From HelloJob
INFO  2018-10-17 11:24:49,077 [loginfo] Info From HelloJob
INFO  2018-10-17 11:24:49,159 [loginfo] Info From HelloJob
INFO  2018-10-17 11:24:49,177 [loginfo] Info From HelloJob
INFO  2018-10-17 11:24:50,010 [loginfo] Info From HelloJob
INFO  2018-10-17 11:24:50,037 [loginfo] Info From HelloJob
INFO  2018-10-17 11:24:50,044 [loginfo] Info From HelloJob
INFO  2018-10-17 11:24:50,055 [loginfo] Info From HelloJob
INFO  2018-10-17 11:24:51,015 [loginfo] Info From HelloJob
INFO  2018-10-17 11:24:51,038 [loginfo] Info From HelloJob
INFO  2018-10-17 11:24:51,057 [loginfo] Info From HelloJob
INFO  2018-10-17 11:24:51,079 [loginfo] Info From HelloJob
INFO  2018-10-17 11:24:52,009 [loginfo] Info From HelloJob
INFO  2018-10-17 11:24:52,029 [loginfo] Info From HelloJob
INFO  2018-10-17 11:24:52,044 [loginfo] Info From HelloJob
INFO  2018-10-17 11:24:52,059 [loginfo] Info From HelloJob
INFO  2018-10-17 11:24:53,015 [loginfo] Info From HelloJob
INFO  2018-10-17 11:24:53,040 [loginfo] Info From HelloJob
INFO  2018-10-17 11:24:53,056 [loginfo] Info From HelloJob
INFO  2018-10-17 11:24:53,067 [loginfo] Info From HelloJob
INFO  2018-10-17 11:24:54,007 [loginfo] Info From HelloJob
INFO  2018-10-17 11:24:54,038 [loginfo] Info From HelloJob
INFO  2018-10-17 11:24:54,058 [loginfo] Info From HelloJob
INFO  2018-10-17 11:24:54,078 [loginfo] Info From HelloJob
INFO  2018-10-17 11:24:55,015 [loginfo] Info From HelloJob
INFO  2018-10-17 11:24:55,035 [loginfo] Info From HelloJob
INFO  2018-10-17 11:24:55,050 [loginfo] Info From HelloJob
INFO  2018-10-17 11:24:55,063 [loginfo] Info From HelloJob
INFO  2018-10-17 11:24:56,008 [loginfo] Info From HelloJob
INFO  2018-10-17 11:24:56,019 [loginfo] Info From HelloJob
INFO  2018-10-17 11:24:56,029 [loginfo] Info From HelloJob
INFO  2018-10-17 11:24:56,045 [loginfo] Info From HelloJob
INFO  2018-10-17 11:24:57,006 [loginfo] Info From HelloJob
INFO  2018-10-17 11:24:57,014 [loginfo] Info From HelloJob
INFO  2018-10-17 11:24:57,022 [loginfo] Info From HelloJob
INFO  2018-10-17 11:24:57,048 [loginfo] Info From HelloJob
INFO  2018-10-17 11:24:58,005 [loginfo] Info From HelloJob
INFO  2018-10-17 11:24:58,041 [loginfo] Info From HelloJob
INFO  2018-10-17 11:24:58,050 [loginfo] Info From HelloJob
INFO  2018-10-17 11:24:58,068 [loginfo] Info From HelloJob
INFO  2018-10-17 11:24:59,012 [loginfo] Info From HelloJob
INFO  2018-10-17 11:24:59,043 [loginfo] Info From HelloJob
INFO  2018-10-17 11:24:59,071 [loginfo] Info From HelloJob
INFO  2018-10-17 11:24:59,092 [loginfo] Info From HelloJob
INFO  2018-10-17 11:25:20,005 [loginfo] Info From HelloJob
INFO  2018-10-17 11:25:20,036 [loginfo] Info From HelloJob
INFO  2018-10-17 11:25:20,045 [loginfo] Info From HelloJob
INFO  2018-10-17 11:25:21,041 [loginfo] Info From HelloJob
INFO  2018-10-17 11:25:21,060 [loginfo] Info From HelloJob
INFO  2018-10-17 11:25:21,072 [loginfo] Info From HelloJob
INFO  2018-10-17 11:25:22,065 [loginfo] Info From HelloJob
INFO  2018-10-17 11:25:22,260 [loginfo] Info From HelloJob
INFO  2018-10-17 11:25:22,356 [loginfo] Info From HelloJob
INFO  2018-10-17 11:25:23,012 [loginfo] Info From HelloJob
INFO  2018-10-17 11:25:23,043 [loginfo] Info From HelloJob
INFO  2018-10-17 11:25:23,064 [loginfo] Info From HelloJob
INFO  2018-10-17 11:25:23,088 [loginfo] Info From HelloJob
INFO  2018-10-17 11:25:24,014 [loginfo] Info From HelloJob
INFO  2018-10-17 11:25:24,032 [loginfo] Info From HelloJob
INFO  2018-10-17 11:25:24,047 [loginfo] Info From HelloJob
INFO  2018-10-17 11:25:25,015 [loginfo] Info From HelloJob
INFO  2018-10-17 11:25:25,046 [loginfo] Info From HelloJob
INFO  2018-10-17 11:25:25,069 [loginfo] Info From HelloJob
INFO  2018-10-17 11:25:25,091 [loginfo] Info From HelloJob
INFO  2018-10-17 11:25:26,013 [loginfo] Info From HelloJob
INFO  2018-10-17 11:25:26,047 [loginfo] Info From HelloJob
INFO  2018-10-17 11:25:26,057 [loginfo] Info From HelloJob
INFO  2018-10-17 11:25:26,076 [loginfo] Info From HelloJob
INFO  2018-10-17 11:25:27,015 [loginfo] Info From HelloJob
INFO  2018-10-17 11:25:27,031 [loginfo] Info From HelloJob
INFO  2018-10-17 11:25:27,044 [loginfo] Info From HelloJob
INFO  2018-10-17 11:25:27,065 [loginfo] Info From HelloJob
INFO  2018-10-17 11:25:28,016 [loginfo] Info From HelloJob
INFO  2018-10-17 11:25:28,039 [loginfo] Info From HelloJob
INFO  2018-10-17 11:25:28,063 [loginfo] Info From HelloJob
INFO  2018-10-17 11:25:28,085 [loginfo] Info From HelloJob
INFO  2018-10-17 11:25:29,040 [loginfo] Info From HelloJob
INFO  2018-10-17 11:25:29,087 [loginfo] Info From HelloJob
INFO  2018-10-17 11:25:29,126 [loginfo] Info From HelloJob
INFO  2018-10-17 11:25:29,147 [loginfo] Info From HelloJob
INFO  2018-10-17 11:25:30,014 [loginfo] Info From HelloJob
INFO  2018-10-17 11:25:30,042 [loginfo] Info From HelloJob
INFO  2018-10-17 11:25:30,078 [loginfo] Info From HelloJob
INFO  2018-10-17 11:25:30,102 [loginfo] Info From HelloJob
INFO  2018-10-17 11:25:31,020 [loginfo] Info From HelloJob
INFO  2018-10-17 11:25:31,049 [loginfo] Info From HelloJob
INFO  2018-10-17 11:25:31,080 [loginfo] Info From HelloJob
INFO  2018-10-17 11:25:31,102 [loginfo] Info From HelloJob
INFO  2018-10-17 11:25:32,013 [loginfo] Info From HelloJob
INFO  2018-10-17 11:25:32,043 [loginfo] Info From HelloJob
INFO  2018-10-17 11:25:32,064 [loginfo] Info From HelloJob
INFO  2018-10-17 11:25:32,086 [loginfo] Info From HelloJob
INFO  2018-10-17 11:25:33,045 [loginfo] Info From HelloJob
INFO  2018-10-17 11:25:33,079 [loginfo] Info From HelloJob
INFO  2018-10-17 11:25:33,103 [loginfo] Info From HelloJob
INFO  2018-10-17 11:25:33,131 [loginfo] Info From HelloJob
INFO  2018-10-17 11:25:34,015 [loginfo] Info From HelloJob
INFO  2018-10-17 11:25:34,043 [loginfo] Info From HelloJob
INFO  2018-10-17 11:25:34,073 [loginfo] Info From HelloJob
INFO  2018-10-17 11:25:34,085 [loginfo] Info From HelloJob
INFO  2018-10-17 11:25:35,015 [loginfo] Info From HelloJob
INFO  2018-10-17 11:25:35,053 [loginfo] Info From HelloJob
INFO  2018-10-17 11:25:35,075 [loginfo] Info From HelloJob
INFO  2018-10-17 11:25:35,097 [loginfo] Info From HelloJob
INFO  2018-10-17 11:25:36,014 [loginfo] Info From HelloJob
INFO  2018-10-17 11:25:36,047 [loginfo] Info From HelloJob
INFO  2018-10-17 11:25:36,072 [loginfo] Info From HelloJob
INFO  2018-10-17 11:25:36,098 [loginfo] Info From HelloJob
INFO  2018-10-17 11:25:37,015 [loginfo] Info From HelloJob
INFO  2018-10-17 11:25:37,058 [loginfo] Info From HelloJob
INFO  2018-10-17 11:25:37,082 [loginfo] Info From HelloJob
INFO  2018-10-17 11:25:37,101 [loginfo] Info From HelloJob
INFO  2018-10-17 11:25:38,013 [loginfo] Info From HelloJob
INFO  2018-10-17 11:25:38,044 [loginfo] Info From HelloJob
INFO  2018-10-17 11:25:38,066 [loginfo] Info From HelloJob
INFO  2018-10-17 11:25:38,087 [loginfo] Info From HelloJob
INFO  2018-10-17 11:25:39,009 [loginfo] Info From HelloJob
INFO  2018-10-17 11:25:39,036 [loginfo] Info From HelloJob
INFO  2018-10-17 11:25:39,062 [loginfo] Info From HelloJob
INFO  2018-10-17 11:25:39,088 [loginfo] Info From HelloJob
INFO  2018-10-17 11:25:40,013 [loginfo] Info From HelloJob
INFO  2018-10-17 11:25:40,044 [loginfo] Info From HelloJob
INFO  2018-10-17 11:25:40,056 [loginfo] Info From HelloJob
INFO  2018-10-17 11:25:40,075 [loginfo] Info From HelloJob
INFO  2018-10-17 11:25:41,011 [loginfo] Info From HelloJob
INFO  2018-10-17 11:25:41,041 [loginfo] Info From HelloJob
INFO  2018-10-17 11:25:41,062 [loginfo] Info From HelloJob
INFO  2018-10-17 11:25:41,082 [loginfo] Info From HelloJob
INFO  2018-10-17 11:25:42,037 [loginfo] Info From HelloJob
INFO  2018-10-17 11:25:42,059 [loginfo] Info From HelloJob
INFO  2018-10-17 11:25:42,079 [loginfo] Info From HelloJob
INFO  2018-10-17 11:25:42,097 [loginfo] Info From HelloJob
INFO  2018-10-17 11:25:43,062 [loginfo] Info From HelloJob
INFO  2018-10-17 11:25:43,174 [loginfo] Info From HelloJob
INFO  2018-10-17 11:25:43,203 [loginfo] Info From HelloJob
INFO  2018-10-17 11:25:43,224 [loginfo] Info From HelloJob
INFO  2018-10-17 11:25:44,016 [loginfo] Info From HelloJob
INFO  2018-10-17 11:25:44,052 [loginfo] Info From HelloJob
INFO  2018-10-17 11:25:44,075 [loginfo] Info From HelloJob
INFO  2018-10-17 11:25:44,093 [loginfo] Info From HelloJob
INFO  2018-10-17 11:25:45,035 [loginfo] Info From HelloJob
INFO  2018-10-17 11:25:45,065 [loginfo] Info From HelloJob
INFO  2018-10-17 11:25:45,084 [loginfo] Info From HelloJob
INFO  2018-10-17 11:25:45,104 [loginfo] Info From HelloJob
INFO  2018-10-17 11:25:46,017 [loginfo] Info From HelloJob
INFO  2018-10-17 11:25:46,044 [loginfo] Info From HelloJob
INFO  2018-10-17 11:25:46,057 [loginfo] Info From HelloJob
INFO  2018-10-17 11:25:46,074 [loginfo] Info From HelloJob
INFO  2018-10-17 11:25:47,007 [loginfo] Info From HelloJob
INFO  2018-10-17 11:25:47,030 [loginfo] Info From HelloJob
INFO  2018-10-17 11:25:47,052 [loginfo] Info From HelloJob
INFO  2018-10-17 11:25:47,072 [loginfo] Info From HelloJob
INFO  2018-10-17 11:25:48,015 [loginfo] Info From HelloJob
INFO  2018-10-17 11:25:48,040 [loginfo] Info From HelloJob
INFO  2018-10-17 11:25:48,054 [loginfo] Info From HelloJob
INFO  2018-10-17 11:25:48,081 [loginfo] Info From HelloJob
INFO  2018-10-17 11:25:49,014 [loginfo] Info From HelloJob
INFO  2018-10-17 11:25:49,042 [loginfo] Info From HelloJob
INFO  2018-10-17 11:25:49,069 [loginfo] Info From HelloJob
INFO  2018-10-17 11:25:49,089 [loginfo] Info From HelloJob
INFO  2018-10-17 11:25:50,014 [loginfo] Info From HelloJob
INFO  2018-10-17 11:25:50,035 [loginfo] Info From HelloJob
INFO  2018-10-17 11:25:50,047 [loginfo] Info From HelloJob
INFO  2018-10-17 11:25:50,063 [loginfo] Info From HelloJob
INFO  2018-10-17 11:25:51,015 [loginfo] Info From HelloJob
INFO  2018-10-17 11:25:51,039 [loginfo] Info From HelloJob
INFO  2018-10-17 11:25:51,058 [loginfo] Info From HelloJob
INFO  2018-10-17 11:25:51,068 [loginfo] Info From HelloJob
INFO  2018-10-17 11:25:52,015 [loginfo] Info From HelloJob
INFO  2018-10-17 11:25:52,057 [loginfo] Info From HelloJob
INFO  2018-10-17 11:25:52,076 [loginfo] Info From HelloJob
INFO  2018-10-17 11:25:52,098 [loginfo] Info From HelloJob
INFO  2018-10-17 11:25:53,017 [loginfo] Info From HelloJob
INFO  2018-10-17 11:25:53,056 [loginfo] Info From HelloJob
INFO  2018-10-17 11:25:53,078 [loginfo] Info From HelloJob
INFO  2018-10-17 11:25:53,100 [loginfo] Info From HelloJob
INFO  2018-10-17 11:25:54,007 [loginfo] Info From HelloJob
INFO  2018-10-17 11:25:54,018 [loginfo] Info From HelloJob
INFO  2018-10-17 11:25:54,030 [loginfo] Info From HelloJob
INFO  2018-10-17 11:25:54,053 [loginfo] Info From HelloJob
INFO  2018-10-17 11:25:55,013 [loginfo] Info From HelloJob
INFO  2018-10-17 11:25:55,058 [loginfo] Info From HelloJob
INFO  2018-10-17 11:25:55,084 [loginfo] Info From HelloJob
INFO  2018-10-17 11:25:55,107 [loginfo] Info From HelloJob
INFO  2018-10-17 11:25:56,013 [loginfo] Info From HelloJob
INFO  2018-10-17 11:25:56,035 [loginfo] Info From HelloJob
INFO  2018-10-17 11:25:56,045 [loginfo] Info From HelloJob
INFO  2018-10-17 11:25:56,056 [loginfo] Info From HelloJob
INFO  2018-10-17 11:25:57,044 [loginfo] Info From HelloJob
INFO  2018-10-17 11:25:57,068 [loginfo] Info From HelloJob
INFO  2018-10-17 11:25:57,086 [loginfo] Info From HelloJob
INFO  2018-10-17 11:25:57,095 [loginfo] Info From HelloJob
INFO  2018-10-17 11:25:58,014 [loginfo] Info From HelloJob
INFO  2018-10-17 11:25:58,048 [loginfo] Info From HelloJob
INFO  2018-10-17 11:25:58,067 [loginfo] Info From HelloJob
INFO  2018-10-17 11:25:58,087 [loginfo] Info From HelloJob
INFO  2018-10-17 11:25:59,109 [loginfo] Info From HelloJob
INFO  2018-10-17 11:25:59,133 [loginfo] Info From HelloJob
INFO  2018-10-17 11:25:59,153 [loginfo] Info From HelloJob
INFO  2018-10-17 11:25:59,180 [loginfo] Info From HelloJob
INFO  2018-10-17 11:26:11,664 [loginfo] 任务调度停止！
