INFO  2018-10-18 15:47:23,541 [loginfo] Data Source = .;Initial Catalog = Quartz;User Id = sa;Password = cl19960426;
INFO  2018-10-18 15:47:23,551 [loginfo] 任务调度初始化成功
INFO  2018-10-18 15:47:23,656 [loginfo] 任务调度开始
INFO  2018-10-18 15:47:23,679 [loginfo] Hello1
INFO  2018-10-18 15:47:23,873 [loginfo] Info From HelloJob
INFO  2018-10-18 15:48:23,154 [loginfo] Info From HelloJob
INFO  2018-10-18 15:49:23,012 [loginfo] Info From HelloJob
INFO  2018-10-18 15:50:23,007 [loginfo] Info From HelloJob
INFO  2018-10-18 15:51:23,022 [loginfo] Info From HelloJob
INFO  2018-10-18 15:52:23,029 [loginfo] Info From HelloJob
INFO  2018-10-18 15:52:45,892 [loginfo] 任务调度停止！
INFO  2018-10-18 15:53:00,489 [loginfo] Data Source = .;Initial Catalog = Quartz;User Id = sa;Password = cl19960426;
INFO  2018-10-18 15:53:00,498 [loginfo] 任务调度初始化成功
INFO  2018-10-18 15:53:00,593 [loginfo] 任务调度开始
INFO  2018-10-18 15:53:00,617 [loginfo] Hello1
INFO  2018-10-18 15:53:23,120 [loginfo] Info From HelloJob
INFO  2018-10-18 15:54:23,164 [loginfo] Info From HelloJob
INFO  2018-10-18 15:55:23,010 [loginfo] Info From HelloJob
INFO  2018-10-18 15:56:23,028 [loginfo] Info From HelloJob
INFO  2018-10-18 15:57:23,020 [loginfo] Info From HelloJob
INFO  2018-10-18 15:58:23,018 [loginfo] Info From HelloJob
INFO  2018-10-18 15:59:23,019 [loginfo] Info From HelloJob
INFO  2018-10-18 16:00:23,023 [loginfo] Info From HelloJob
INFO  2018-10-18 16:01:23,027 [loginfo] Info From HelloJob
INFO  2018-10-18 16:02:23,024 [loginfo] Info From HelloJob
INFO  2018-10-18 16:03:23,020 [loginfo] Info From HelloJob
INFO  2018-10-18 16:04:23,019 [loginfo] Info From HelloJob
INFO  2018-10-18 16:04:48,865 [loginfo] 任务调度停止！
INFO  2018-10-18 16:05:19,926 [loginfo] Data Source = .;Initial Catalog = Quartz;User Id = sa;Password = cl19960426;
INFO  2018-10-18 16:05:19,941 [loginfo] 任务调度初始化成功
INFO  2018-10-18 16:05:20,208 [loginfo] 任务调度开始
INFO  2018-10-18 16:05:20,256 [loginfo] Hello1
INFO  2018-10-18 16:05:49,547 [loginfo] Info From HelloJob
INFO  2018-10-18 16:06:48,850 [loginfo] Info From HelloJob
INFO  2018-10-18 16:07:25,343 [loginfo] Info From HelloJob
INFO  2018-10-18 16:08:24,857 [loginfo] Info From HelloJob
INFO  2018-10-18 16:09:24,710 [loginfo] Info From HelloJob
INFO  2018-10-18 16:11:04,364 [loginfo] Info From HelloJob
INFO  2018-10-18 16:11:34,870 [loginfo] Info From HelloJob
INFO  2018-10-18 16:29:01,870 [loginfo] Info From HelloJob
INFO  2018-10-18 16:29:37,451 [loginfo] Data Source = .;Initial Catalog = Quartz;User Id = sa;Password = cl19960426;
INFO  2018-10-18 16:29:37,461 [loginfo] 任务调度初始化成功
INFO  2018-10-18 16:29:37,555 [loginfo] 任务调度开始
INFO  2018-10-18 16:29:37,579 [loginfo] Hello1
INFO  2018-10-18 16:29:37,763 [loginfo] Info From HelloJob
INFO  2018-10-18 16:30:23,051 [loginfo] Info From HelloJob
INFO  2018-10-18 16:31:23,015 [loginfo] Info From HelloJob
INFO  2018-10-18 16:32:23,014 [loginfo] Info From HelloJob
INFO  2018-10-18 16:33:23,016 [loginfo] Info From HelloJob
INFO  2018-10-18 16:34:23,007 [loginfo] Info From HelloJob
INFO  2018-10-18 16:35:23,013 [loginfo] Info From HelloJob
INFO  2018-10-18 16:36:23,015 [loginfo] Info From HelloJob
INFO  2018-10-18 16:37:23,017 [loginfo] Info From HelloJob
INFO  2018-10-18 16:37:53,251 [loginfo] 任务调度停止！
INFO  2018-10-18 16:38:24,300 [loginfo] Data Source = .;Initial Catalog = Quartz;User Id = sa;Password = cl19960426;
INFO  2018-10-18 16:38:24,309 [loginfo] 任务调度初始化成功
INFO  2018-10-18 16:38:24,407 [loginfo] 任务调度开始
INFO  2018-10-18 16:38:24,430 [loginfo] Hello1
INFO  2018-10-18 16:38:24,612 [loginfo] Info From HelloJob
INFO  2018-10-18 16:39:23,007 [loginfo] Info From HelloJob
INFO  2018-10-18 16:40:23,023 [loginfo] Info From HelloJob
INFO  2018-10-18 16:41:23,016 [loginfo] Info From HelloJob
INFO  2018-10-18 16:41:54,360 [loginfo] 任务调度停止！
INFO  2018-10-18 16:42:24,102 [loginfo] Data Source = .;Initial Catalog = Quartz;User Id = sa;Password = cl19960426;
INFO  2018-10-18 16:42:24,112 [loginfo] 任务调度初始化成功
INFO  2018-10-18 16:42:24,214 [loginfo] 任务调度开始
INFO  2018-10-18 16:42:24,238 [loginfo] Hello1
INFO  2018-10-18 16:42:54,417 [loginfo] Info From HelloJob
INFO  2018-10-18 16:43:53,008 [loginfo] Info From HelloJob
INFO  2018-10-18 16:44:53,015 [loginfo] Info From HelloJob
INFO  2018-10-18 16:45:53,016 [loginfo] Info From HelloJob
INFO  2018-10-18 16:46:53,035 [loginfo] Info From HelloJob
INFO  2018-10-18 16:47:53,016 [loginfo] Info From HelloJob
INFO  2018-10-18 16:48:53,017 [loginfo] Info From HelloJob
INFO  2018-10-18 16:49:53,015 [loginfo] Info From HelloJob
INFO  2018-10-18 16:50:53,014 [loginfo] Info From HelloJob
INFO  2018-10-18 16:51:53,008 [loginfo] Info From HelloJob
INFO  2018-10-18 16:52:53,016 [loginfo] Info From HelloJob
INFO  2018-10-18 16:53:53,035 [loginfo] Info From HelloJob
INFO  2018-10-18 16:56:20,137 [loginfo] Data Source = .;Initial Catalog = Quartz;User Id = sa;Password = cl19960426;
INFO  2018-10-18 16:56:20,529 [loginfo] 任务调度初始化成功
INFO  2018-10-18 16:56:40,219 [loginfo] 任务调度开始
INFO  2018-10-18 17:04:21,256 [loginfo] 任务调度停止！
INFO  2018-10-18 17:04:28,369 [loginfo] Data Source = .;Initial Catalog = Quartz;User Id = sa;Password = cl19960426;
INFO  2018-10-18 17:04:28,369 [loginfo] 任务调度初始化成功
INFO  2018-10-18 17:04:28,635 [loginfo] 任务调度开始
INFO  2018-10-18 17:04:28,697 [loginfo] Hello1
INFO  2018-10-18 17:04:59,211 [loginfo] Info From HelloJob
INFO  2018-10-18 17:05:53,017 [loginfo] Info From HelloJob
INFO  2018-10-18 17:06:53,007 [loginfo] Info From HelloJob
INFO  2018-10-18 17:07:53,042 [loginfo] Info From HelloJob
INFO  2018-10-18 17:08:53,015 [loginfo] Info From HelloJob
INFO  2018-10-18 17:09:53,026 [loginfo] Info From HelloJob
INFO  2018-10-18 17:10:53,027 [loginfo] Info From HelloJob
INFO  2018-10-18 17:11:19,754 [loginfo] Info From HelloJob
INFO  2018-10-18 17:11:53,006 [loginfo] Info From HelloJob
INFO  2018-10-18 17:12:53,015 [loginfo] Info From HelloJob
INFO  2018-10-18 17:13:53,007 [loginfo] Info From HelloJob
INFO  2018-10-18 17:14:46,244 [loginfo] Info From HelloJob
INFO  2018-10-18 17:14:53,015 [loginfo] Info From HelloJob
INFO  2018-10-18 17:15:53,014 [loginfo] Info From HelloJob
INFO  2018-10-18 17:16:45,664 [loginfo] Info From HelloJob
INFO  2018-10-18 17:16:53,008 [loginfo] Info From HelloJob
INFO  2018-10-18 17:17:53,013 [loginfo] Info From HelloJob
INFO  2018-10-18 17:18:53,006 [loginfo] Info From HelloJob
INFO  2018-10-18 17:18:53,014 [loginfo] Info From HelloJob
INFO  2018-10-18 17:19:21,917 [loginfo] Info From HelloJob
INFO  2018-10-18 17:19:21,933 [loginfo] Info From HelloJob
INFO  2018-10-18 17:19:53,046 [loginfo] Info From HelloJob
INFO  2018-10-18 17:20:53,036 [loginfo] Info From HelloJob
INFO  2018-10-18 17:21:53,011 [loginfo] Info From HelloJob
INFO  2018-10-18 17:22:53,031 [loginfo] Info From HelloJob
INFO  2018-10-18 17:23:53,008 [loginfo] Info From HelloJob
INFO  2018-10-18 17:24:53,016 [loginfo] Info From HelloJob
INFO  2018-10-18 17:25:53,015 [loginfo] Info From HelloJob
INFO  2018-10-18 17:26:53,007 [loginfo] Info From HelloJob
INFO  2018-10-18 17:27:53,006 [loginfo] Info From HelloJob
INFO  2018-10-18 17:28:53,014 [loginfo] Info From HelloJob
INFO  2018-10-18 17:29:53,007 [loginfo] Info From HelloJob
INFO  2018-10-18 17:30:53,028 [loginfo] Info From HelloJob
INFO  2018-10-18 17:31:53,015 [loginfo] Info From HelloJob
INFO  2018-10-18 17:32:53,051 [loginfo] Info From HelloJob
INFO  2018-10-18 17:33:53,009 [loginfo] Info From HelloJob
INFO  2018-10-18 17:34:53,017 [loginfo] Info From HelloJob
INFO  2018-10-18 17:35:53,053 [loginfo] Info From HelloJob
INFO  2018-10-18 17:36:53,052 [loginfo] Info From HelloJob
INFO  2018-10-18 17:37:53,018 [loginfo] Info From HelloJob
INFO  2018-10-18 17:38:53,017 [loginfo] Info From HelloJob
INFO  2018-10-18 17:39:53,015 [loginfo] Info From HelloJob
INFO  2018-10-18 17:40:53,052 [loginfo] Info From HelloJob
INFO  2018-10-18 17:41:53,013 [loginfo] Info From HelloJob
INFO  2018-10-18 17:42:53,009 [loginfo] Info From HelloJob
INFO  2018-10-18 17:43:53,006 [loginfo] Info From HelloJob
INFO  2018-10-18 17:44:53,011 [loginfo] Info From HelloJob
INFO  2018-10-18 17:45:53,018 [loginfo] Info From HelloJob
INFO  2018-10-18 17:46:53,015 [loginfo] Info From HelloJob
INFO  2018-10-18 17:47:53,026 [loginfo] Info From HelloJob
INFO  2018-10-18 17:48:53,016 [loginfo] Info From HelloJob
INFO  2018-10-18 17:49:53,006 [loginfo] Info From HelloJob
INFO  2018-10-18 17:50:53,025 [loginfo] Info From HelloJob
INFO  2018-10-18 17:51:53,036 [loginfo] Info From HelloJob
INFO  2018-10-18 17:52:53,015 [loginfo] Info From HelloJob
INFO  2018-10-18 17:53:53,016 [loginfo] Info From HelloJob
INFO  2018-10-18 17:54:53,015 [loginfo] Info From HelloJob
INFO  2018-10-18 17:55:53,008 [loginfo] Info From HelloJob
INFO  2018-10-18 17:56:53,006 [loginfo] Info From HelloJob
INFO  2018-10-18 17:57:53,016 [loginfo] Info From HelloJob
INFO  2018-10-18 17:58:53,021 [loginfo] Info From HelloJob
INFO  2018-10-18 17:59:53,014 [loginfo] Info From HelloJob
INFO  2018-10-18 18:00:53,017 [loginfo] Info From HelloJob
INFO  2018-10-18 18:01:53,015 [loginfo] Info From HelloJob
INFO  2018-10-18 18:02:53,031 [loginfo] Info From HelloJob
INFO  2018-10-18 18:03:53,008 [loginfo] Info From HelloJob
INFO  2018-10-18 18:04:53,013 [loginfo] Info From HelloJob
INFO  2018-10-18 18:05:53,007 [loginfo] Info From HelloJob
INFO  2018-10-18 18:06:53,021 [loginfo] Info From HelloJob
